make.exe all --print-data-base --no-builtin-variables --no-builtin-rules --question
# GNU Make 3.81
# Copyright (C) 2006  Free Software Foundation, Inc.
# This is free software; see the source for copying conditions.
# There is NO warranty; not even for MERCHANTABILITY or FITNESS FOR A
# PARTICULAR PURPOSE.

# This program built for i386-pc-mingw32
 

# Make data base, printed on Sun May 29 15:59:35 2022

# Variables

# automatic
<D = $(patsubst %/,%,$(dir $<))
# automatic
?F = $(notdir $?)
# makefile
MAKEFLAGS = Rrqp
# environment
VSCODE_LOG_NATIVE = false
# automatic
?D = $(patsubst %/,%,$(dir $?))
# automatic
@D = $(patsubst %/,%,$(dir $@))
# environment
HOMEDRIVE = C:
# automatic
@F = $(notdir $@)
# automatic
^D = $(patsubst %/,%,$(dir $^))
# makefile
CURDIR := c:/Users/Domenico/Documents/Development/Portfolio
# default
SHELL := sh.exe
# environment 

WINDIR = C:\WINDOWS
# environment
VSCODE_NLS_CONFIG = {"locale":"en-us","availableLanguages":{},"_languagePackSupport":true}
# environment
VBOX_MSI_INSTALL_PATH = C:\Program Files\Oracle\VirtualBox\
# environment
ONEDRIVE = C:\Users\im proud of you son\OneDrive
# environment
PATHEXT = .COM;.EXE;.BAT;.CMD;.VBS;.VBE;.JS;.JSE;.WSF;.WSH;.MSC
# makefile
MAKEFILE_LIST := 
# environment
FPS_BROWSER_USER_PROFILE_STRING = Default
# environment
TMP = C:\Users\Domenico\AppData\Local\Temp
# environment
VSCODE_VERBOSE_LOGGING = true
# environment
PROGRAMW6432 = C:\Program Files
# environment
PROGRAMDATA = C:\ProgramData
# environment
VSCODE_IPC_HOOK_EXTHOST = \\.\pipe\vscode-ipc-80ae2729-0dfb-4c68-9be2-8fe6259514d1-sock
# environment
VSCODE_CWD = C:\WINDOWS\System32
# environment
PATH = C:\Program Files\Microsoft\jdk-11.0.12.7-hotspot\bin;C:\VulkanSDK\1.3.211.0\Bin;C:\Program Files (x86)\Razer Chroma SDK\bin;C:\Program Files\Razer Chroma SDK\bin;C:\WINDOWS\system32;C:\WINDOWS;C:\WINDOWS\System32\Wbem;C:\WINDOWS\System32\WindowsPowerShell\v1.0\;C:\WINDOWS\System32\OpenSSH\;C:\Users\im proud of you son\AppData\Local\Microsoft\WindowsApps;C:\Program Files\Microsoft SQL Server\Client SDK\ODBC\130\Tools\Binn\;C:\Program Files (x86)\Microsoft SQL Server\140\Tools\Binn\;C:\Program Files\Microsoft SQL Server\140\Tools\Binn\;C:\Program Files\Microsoft SQL Server\140\DTS\Binn\;C:\WINDOWS\system32;C:\WINDOWS;C:\WINDOWS\System32\Wbem;C:\WINDOWS\System32\WindowsPowerShell\v1.0\;C:\WINDOWS\System32\OpenSSH\;C:\Program Files (x86)\NVIDIA Corporation\PhysX\Common;C:\Program Files\Git\cmd;C:\Program Files\LLVM\bin;C:\Program Files\Microsoft SQL Server\150\Tools\Binn\;C:\Program Files\Microsoft SQL Server\Client SDK\ODBC\170\Tools\Binn\;C:\Program Files\dotnet\;C:\Users\Domenico\AppData\Local\Programs\Python\Python310\Scripts\;C:\Users\Domenico\AppData\Local\Programs\Python\Python310\;C:\Program Files\Git\cmd\;C:\texlive\2020\bin\win32;C:\Users\Domenico\AppData\Local\Microsoft\WindowsApps;C:\msys64\mingw64\bin;C:\Windows\System32;C:\Users\im proud of you son\AppData\Local\Programs\Microsoft VS Code\bin;C:\Program Files\LLVM\bin\;C:\Users\Domenico\.dotnet\tools;C:\Program Files (x86)\GnuWin32\bin;
# environment
COMMONPROGRAMW6432 = C:\Program Files\Common Files
# environment
PROCESSOR_ARCHITECTURE = x86
# environment
USERPROFILE = C:\Users\Domenico
# environment
ALLUSERSPROFILE = C:\ProgramData
# environment
VSCODE_LOG_STACK = false
# environment
NUMBER_OF_PROCESSORS = 4
# environment
ELECTRON_RUN_AS_NODE = 1
# default
.FEATURES := target-specif 
ic order-only second-expansion else-if archives
# environment
VK_SDK_PATH = C:\VulkanSDK\1.3.211.0
# automatic
%F = $(notdir $%)
# environment
CHROME_CRASHPAD_PIPE_NAME = \\.\pipe\crashpad_2252_DYDEUSZTLUSEMGBE
# environment
VSCODE_PIPE_LOGGING = true
# environment
COMPUTERNAME = DESKTOP-R69PELB
# environment
PROGRAMFILES = C:\Program Files (x86)
# environment
DRIVERDATA = C:\Windows\System32\Drivers\DriverData
# environment
ORIGINAL_XDG_CURRENT_DESKTOP = undefined
# environment
USERNAME = im proud of you son
# environment
PUBLIC = C:\Users\Public
# environment
VSCODE_AMD_ENTRYPOINT = vs/workbench/api/node/extensionHostProcess
# environment
VSCODE_CODE_CACHE_PATH = C:\Users\Domenico\AppData\Roaming\Code\CachedData\da15b6fd3ef856477bf6f4fb29ba1b7af717770d
# environment
APPLICATION_INSIGHTS_NO_DIAGNOSTIC_CHANNEL = true
# environment
COMMONPROGRAMFILES = C:\Program Files (x86)\Common Files
# environment
LOGONSERVER = \\DESKTOP-R69PELB
# environment
ONEDRIVECONSUMER = C:\Users\im proud of you son\OneDrive
# envir 
onment
VSCODE_HANDLES_UNCAUGHT_ERRORS = true
# environment
USERDOMAIN = DESKTOP-R69PELB
# default
MAKE = $(MAKE_COMMAND)
# default
MAKECMDGOALS := all
# default
MAKE_VERSION := 3.81
# makefile
.DEFAULT_GOAL := 
# environment
PROGRAMFILES(X86) = C:\Program Files (x86)
# automatic
%D = $(patsubst %/,%,$(dir $%))
# environment
LOCALAPPDATA = C:\Users\Domenico\AppData\Local
# environment
PSMODULEPATH = C:\Program Files\WindowsPowerShell\Modules;C:\WINDOWS\system32\WindowsPowerShell\v1.0\Modules;C:\Program Files (x86)\Microsoft SQL Server\140\Tools\PowerShell\Modules\
# default
MAKE_COMMAND := make.exe
# environment
PROCESSOR_ARCHITEW6432 = AMD64
# default
.VARIABLES := 
# automatic
*F = $(notdir $*)
# environment
PROCESSOR_IDENTIFIER = Intel64 Family 6 Model 158 Stepping 9, GenuineIntel
# environment
OS = Windows_NT
# environment
VSCODE_IPC_HOOK = \\.\pipe\708776e399ee88389629029eca7aa0b7-1.67.1-main-sock
# environment
HOMEPATH = \Users\Domenico
# environment
COMMONPROGRAMFILES(X86) = C:\Program Files (x86)\Commo 
n Files
# environment
PROMPT = $P$G
# environment
MFLAGS = -Rrqp
# automatic
*D = $(patsubst %/,%,$(dir $*))
# environment
SYSTEMROOT = C:\WINDOWS
# automatic
+D = $(patsubst %/,%,$(dir $+))
# automatic
+F = $(notdir $+)
# environment
APPDATA = C:\Users\Domenico\AppData\Roaming
# environment
TEMP = C:\Users\Domenico\AppData\Local\Temp
# environment
COMSPEC = C:\WINDOWS\system32\cmd.exe
# default
MAKEFILES := 
# automatic
<F = $(notdir $<)
# environment
LC_ALL = C
# automatic
^F = $(notdir $^)
# default
SUFF 
IXES := 
# environment
SYSTEMDRIVE = C:
# environment
SESSIONNAME = Console
# environment
PROCESSOR_REVISION = 9e09
# environment
MAKELEVEL := 0
# environment
VULKAN_SDK = C:\VulkanSDK\1.3.211.0
# environment
LANG = C
# environment
PROCESSOR_LEVEL = 6
# environment
FPS_BROWSER_APP_PROFILE_STRING = Internet Explorer
# environment
VSCODE_PID = 2252
# environment
USERDOMAIN_ROAMINGPROFILE = DESKTOP-R69PELB
# variable set hash-table stats:
# Load=92/1024=9%, Rehash=0, Collisions=9/109=8%

# Pattern-specific Var 
iable Values

# No pattern-specific variable values.

# Directories

# C:\Users\Domenico\AppData\Local\Microsoft\WindowsApps (key C:/Users/Domenico/AppData/Local/Microsoft/WindowsApps, mtime 1653528961): 8 files, no impossibilities.
# C:\Program Files\LLVM\bin (key C:/Program Files/LLVM/bin, mtime 1652227710): 120 files, no impossibilities.
# C:\Program Files\Microsoft SQL Server\140\Tools\Binn\ (key C:/Program Files/Microsoft SQL Server/140/Tools/Binn/, mtime 1560369240): 13 files, no impossibilities.
# C: 
\Program Files\Microsoft\jdk-11.0.12.7-hotspot\bin (key C:/Program Files/Microsoft/jdk-11.0.12.7-hotspot/bin, mtime 1652313937): 127 files, no impossibilities.
# C:\Program Files\Microsoft SQL Server\150\Tools\Binn\ (key C:/Program Files/Microsoft SQL Server/150/Tools/Binn/, mtime 1652313639): 4 files, no impossibilities.
# C:\Program Files (x86)\Razer Chroma SDK\bin: could not be stat'd.
# C:\WINDOWS\System32\WindowsPowerShell\v1.0\ (key C:/WINDOWS/System32/WindowsPowerShell/v1.0/, mtime 1606118320): 30 fi 
les, no impossibilities.
# C:\WINDOWS\System32\Wbem (key C:/WINDOWS/System32/Wbem, mtime 1652442357): 182 files, no impossibilities.
# . (key c:/Users/Domenico/Documents/Development/Portfolio, mtime 1652475655): 10 files, no impossibilities.
# C:\Program Files (x86)\NVIDIA Corporation\PhysX\Common (key C:/Program Files (x86)/NVIDIA Corporation/PhysX/Common, mtime 1639877705): 10 files, no impossibilities.
# C:\Program Files\dotnet\ (key C:/Program Files/dotnet/, mtime 1652313675): 12 files, no impossibiliti 
es.
# C:\Users\im proud of you son\AppData\Local\Programs\Microsoft VS Code\bin: could not be stat'd.
# C:\WINDOWS\System32\OpenSSH\: could not be stat'd.
# C:\Program Files (x86)\Microsoft SQL Server\140\Tools\Binn\ (key C:/Program Files (x86)/Microsoft SQL Server/140/Tools/Binn/, mtime 1560369240): 11 files, no impossibilities.
# C:\WINDOWS (key C:/WINDOWS, mtime 1652442389): 119 files, no impossibilities.
# C:\Program Files\Microsoft SQL Server\140\DTS\Binn\ (key C:/Program Files/Microsoft SQL Server/140 
/DTS/Binn/, mtime 1560369247): 46 files, no impossibilities.
# C:\Program Files\Microsoft SQL Server\Client SDK\ODBC\170\Tools\Binn\ (key C:/Program Files/Microsoft SQL Server/Client SDK/ODBC/170/Tools/Binn/, mtime 1652313642): 7 files, no impossibilities.
# C:\Program Files\Microsoft SQL Server\Client SDK\ODBC\130\Tools\Binn\ (key C:/Program Files/Microsoft SQL Server/Client SDK/ODBC/130/Tools/Binn/, mtime 1560369247): 6 files, no impossibilities.
# C:\Users\Domenico\AppData\Local\Programs\Python\Python310 
\Scripts\ (key C:/Users/Domenico/AppData/Local/Programs/Python/Python310/Scripts/, mtime 1652476534): 6 files, no impossibilities.
# C:\texlive\2020\bin\win32: could not be stat'd.
# C:\Program Files\Razer Chroma SDK\bin: could not be stat'd.
# C:\Users\im proud of you son\AppData\Local\Microsoft\WindowsApps: could not be stat'd.
# C:\Users\Domenico\.dotnet\tools: could not be stat'd.
# C:\Program Files\Git\cmd\ (key C:/Program Files/Git/cmd/, mtime 1652227376): 8 files, no impossibilities.
# C:\msys64\ming 
w64\bin: could not be stat'd.
# C:\Program Files\Git\cmd (key C:/Program Files/Git/cmd, mtime 1652227376): 8 files, no impossibilities.
# C:\WINDOWS\system32 (key C:/WINDOWS/system32, mtime 1653238707): 3136 files, no impossibilities.
# C:\VulkanSDK\1.3.211.0\Bin (key C:/VulkanSDK/1.3.211.0/Bin, mtime 1652227735): 47 files, no impossibilities.
# C:\Users\Domenico\AppData\Local\Programs\Python\Python310\ (key C:/Users/Domenico/AppData/Local/Programs/Python/Python310/, mtime 1652413442): 18 files, no impossib 
ilities.
# C:\Program Files\LLVM\bin\ (key C:/Program Files/LLVM/bin/, mtime 1652227710): 120 files, no impossibilities.
# C:\Program Files (x86)\GnuWin32\bin (key C:/Program Files (x86)/GnuWin32/bin, mtime 1653155122): 5 files, no impossibilities.

# 4053 files, no impossibilities in 31 directories.

# Implicit Rules

# No implicit rules.

# Files

# Not a target:
all:
#  Command-line target.
#  Implicit rule search has been done.
#  File does not exist.
#  File has not been updated.
# variable set hash-ta 
ble stats:
# Load=0/32=0%, Rehash=0, Collisions=0/0=0%

# Not a target:
.DEFAULT:
#  Implicit rule search has not been done.
#  Modification time never checked.
#  File has not been updated.

# Not a target:
makefile:
#  A default, MAKEFILES, or -include/sinclude makefile.
#  Implicit rule search has been done.
#  File does not exist.
#  File has been updated.
#  Failed to be updated.
# variable set hash-table stats:
# Load=0/32=0%, Rehash=0, Collisions=0/0=0%

# Not a target:
.SUFFIXES:
#  Implicit rule se 
arch has not been done.
#  Modification time never checked.
#  File has not been updated.

# Not a target:
GNUmakefile:
#  A default, MAKEFILES, or -include/sinclude makefile.
#  Implicit rule search has been done.
#  File does not exist.
#  File has been updated.
#  Failed to be updated.
# variable set hash-table stats:
# Load=0/32=0%, Rehash=0, Collisions=0/0=0%

# files hash-table stats:
# Load=5/1024=0%, Rehash=0, Collisions=0/16=0%
# VPATH Search Paths

# No `vpath' search paths.

# No general (`VPATH' 
 variable) search path.

# # of strings in strcache: 0
# # of strcache buffers: 0
# strcache size: total = 0 / max = 0 / min = 4096 / avg = 0
# strcache free: total = 0 / max = 0 / min = 4096 / avg = 0

# Finished Make data base on Sun May 29 15:59:35 2022

 
make.exe: *** No rule to make target `all'.  Stop.

